<?xml version="1.0" encoding="UTF-8"?>
<testng-results skipped="0" failed="0" ignored="0" total="1" passed="1">
  <reporter-output>
  </reporter-output>
  <suite name="com.demo.SavingJobsTest" duration-ms="110777" started-at="2020-05-19T20:21:36Z" finished-at="2020-05-19T20:23:27Z">
    <groups>
    </groups>
    <test name="Command line test" duration-ms="110777" started-at="2020-05-19T20:21:36Z" finished-at="2020-05-19T20:23:27Z">
      <class name="com.demo.SavingJobsTest">
        <test-method status="PASS" signature="openTheApplication()[pri:0, instance:com.demo.SavingJobsTest@62043840]" name="openTheApplication" is-config="true" duration-ms="65468" started-at="2020-05-19T20:21:36Z" finished-at="2020-05-19T20:22:42Z">
          <reporter-output>
          </reporter-output>
        </test-method> <!-- openTheApplication -->
        <test-method status="PASS" signature="jobSeekersCanSaveTheJobsTheyAreInterestedIn()[pri:0, instance:com.demo.SavingJobsTest@62043840]" name="jobSeekersCanSaveTheJobsTheyAreInterestedIn" duration-ms="45274" started-at="2020-05-19T20:22:42Z" finished-at="2020-05-19T20:23:27Z">
          <reporter-output>
          </reporter-output>
        </test-method> <!-- jobSeekersCanSaveTheJobsTheyAreInterestedIn -->
      </class> <!-- com.demo.SavingJobsTest -->
    </test> <!-- Command line test -->
  </suite> <!-- com.demo.SavingJobsTest -->
</testng-results>
